<?xml version="1.0" encoding="UTF-8"?>
<testng-results skipped="0" failed="0" ignored="0" total="1" passed="1">
  <reporter-output>
  </reporter-output>
  <suite name="Default suite" duration-ms="24236" started-at="2022-03-02T14:39:56 IST" finished-at="2022-03-02T14:40:20 IST">
    <groups>
    </groups>
    <test name="Default test" duration-ms="24236" started-at="2022-03-02T14:39:56 IST" finished-at="2022-03-02T14:40:20 IST">
      <class name="test.Remotedriver">
        <test-method status="PASS" signature="f()[pri:0, instance:test.Remotedriver@51b7e5df]" name="f" duration-ms="24063" started-at="2022-03-02T14:39:56 IST" finished-at="2022-03-02T14:40:20 IST">
          <reporter-output>
          </reporter-output>
        </test-method> <!-- f -->
      </class> <!-- test.Remotedriver -->
    </test> <!-- Default test -->
  </suite> <!-- Default suite -->
</testng-results>
